2022-07-07 12:10:37.950263 0x00003794         RestartManager: InitState previous_restart_reason: CleanStart restart_count: 0 early_crash_detected: false shutdown_hang_detected_: false zombie_detected_: false
2022-07-07 12:10:37.965887 0x00003794         Scenario: shell_message_window_create [start,success] Scenario.Status:success, Scenario.Step:start, delta:0, elapsed:6, elapsedSinceProcessStart:228, sequence:0
2022-07-07 12:10:37.965887 0x00003794         Scenario: shell_message_window_create [stop,success] InstanceId:4f9a616b-b162-4626-81da-63ba21159d46, Scenario.Mode:3, Scenario.Name:shell_message_window_create, Scenario.Status:success, Scenario.Step:start, Scenario.Steps:[{"Scenario.Status":"success","Scenario.Step":"stop","delta":6,"elapsed":12,"elapsedSinceProcessStart":234,"previousStep":"start","sequence":1,"stepDelta":6}], Scenario.StepsEx:[{}], delta:0, elapsed:6, elapsedSinceProcessStart:228, previousStep:start, sequence:0, stepDelta:6
2022-07-07 12:10:37.997133 0x00003794         Scenario: shell_peristent_storage_read [start,success] Scenario.Status:success, Scenario.Step:start, delta:0, elapsed:37, elapsedSinceProcessStart:259, sequence:0
2022-07-07 12:10:38.012758 0x00003794         Scenario: shell_peristent_storage_read [stop,abandoned] InstanceId:1a7de18d-50aa-476d-8a69-e5bfe0e0e339, Scenario.Mode:1, Scenario.Name:shell_peristent_storage_read, Scenario.Status:success, Scenario.Step:start, delta:0, elapsed:37, elapsedSinceProcessStart:259, error:no such file or directory, fileName:configuration.json, previousStep:start, sequence:0, stepDelta:0
2022-07-07 12:10:38.012758 0x00003794         Scenario: shell_peristent_storage_read [start,success] Scenario.Status:success, Scenario.Step:start, delta:0, elapsed:60, elapsedSinceProcessStart:282, sequence:0
2022-07-07 12:10:38.028381 0x00003794         Scenario: shell_peristent_storage_read [stop,success] InstanceId:597ddff5-2230-4417-af73-20ab74c11c66, Scenario.Mode:1, Scenario.Name:shell_peristent_storage_read, Scenario.Status:success, Scenario.Step:start, delta:0, elapsed:60, elapsedSinceProcessStart:282, fileName:ecs_request_param.json, previousStep:start, sequence:0, stepDelta:5
2022-07-07 12:10:38.028381 0x00003794         IntentForStart: Getting intent for start based on last_restart_param: CleanStart
2022-07-07 12:10:38.028381 0x00003794         IntentForStart:  Clean application start.
2022-07-07 12:10:38.028381 0x00003794         UserIntent: UserIntent: intent from cmdline: LaunchCore_system-initiated
2022-07-07 12:10:38.028381 0x00003794         Scenario: shell_process_start_time [start,success] Scenario.Status:success, Scenario.Step:start, delta:0, elapsed:76, elapsedSinceProcessStart:298, sequence:0
2022-07-07 12:10:38.028381 0x00003794         Scenario: shell_process_start_time [stop,success] ElapsedTimeFromProcessStart:298, ElapsedTimeFromWinMain:181, InstanceId:330f5ad0-3e71-4834-8902-21631ee25779, Scenario.Mode:3, Scenario.Name:shell_process_start_time, Scenario.Status:success, Scenario.Step:start, Scenario.Steps:[{"Scenario.Status":"success","Scenario.Step":"stop","delta":0,"elapsed":76,"elapsedSinceProcessStart":298,"previousStep":"start","sequence":1,"stepDelta":0}], Scenario.StepsEx:[{"ElapsedTimeFromProcessStart":298,"ElapsedTimeFromWinMain":181}], delta:0, elapsed:76, elapsedSinceProcessStart:298, previousStep:start, sequence:0, stepDelta:0
2022-07-07 12:10:38.044003 0x00003794         Scenario: shell_peristent_storage_read [start,success] Scenario.Status:success, Scenario.Step:start, delta:0, elapsed:85, elapsedSinceProcessStart:307, sequence:0
2022-07-07 12:10:38.044003 0x00003794         Scenario: shell_peristent_storage_read [stop,success] InstanceId:59ee6230-3d76-44c0-b1b5-a66a2659998c, Scenario.Mode:1, Scenario.Name:shell_peristent_storage_read, Scenario.Status:success, Scenario.Step:start, delta:0, elapsed:85, elapsedSinceProcessStart:307, fileName:app_settings.json, previousStep:start, sequence:0, stepDelta:0
2022-07-07 12:10:38.059627 0x00003794         Scenario: shell_peristent_storage_read [start,success] Scenario.Status:success, Scenario.Step:start, delta:0, elapsed:105, elapsedSinceProcessStart:327, sequence:0
2022-07-07 12:10:38.059627 0x00003794         Scenario: shell_peristent_storage_read [stop,success] InstanceId:a9089e00-ca37-4e8e-9480-855302200397, Scenario.Mode:1, Scenario.Name:shell_peristent_storage_read, Scenario.Status:success, Scenario.Step:start, delta:0, elapsed:105, elapsedSinceProcessStart:327, fileName:fallback-map.json, previousStep:start, sequence:0, stepDelta:1
2022-07-07 12:10:38.059627 0x00003794         LocaleManager: No language in AppSettings, using system user preferred languages.
2022-07-07 12:10:38.059627 0x00003794         Scenario: shell_peristent_storage_read [start,success] Scenario.Status:success, Scenario.Step:start, delta:0, elapsed:108, elapsedSinceProcessStart:330, sequence:0
2022-07-07 12:10:38.059627 0x00003794         Scenario: shell_peristent_storage_read [stop,success] InstanceId:53c679ae-78b3-4a6c-a7db-9f6354e903dc, Scenario.Mode:1, Scenario.Name:shell_peristent_storage_read, Scenario.Status:success, Scenario.Step:start, delta:0, elapsed:108, elapsedSinceProcessStart:330, fileName:desktop.json, previousStep:start, sequence:0, stepDelta:1
2022-07-07 12:10:38.059627 0x00003794         CustomFrameThemeManager: Adding 'main_dark': CustomFrameTheme{button_size=UISizeLogical{width=44; height=48}; padding=UISizeLogical{width=0; height=0}; close_button_colors=CustomFrameButtonColors{background=CustomFrameRendererColors{inactive=#ffffff00; normal=#ffffff00; mouse_over=#c4314b; mouse_down=#8e192ee6}; foreground=CustomFrameRendererColors{inactive=#5c5c5c; normal=#5c5c5c; mouse_over=#ffffff; mouse_down=#ffffff}}; minmax_button_colors=CustomFrameButtonColors{background=CustomFrameRendererColors{inactive=#ffffff00; normal=#ffffff00; mouse_over=#ffffff1a; mouse_down=#ffffff0d}; foreground=CustomFrameRendererColors{inactive=#5c5c5c; normal=#5c5c5c; mouse_over=#999de5; mouse_down=#999de5}}; min_button=true; max_button=true; close_button=true}
2022-07-07 12:10:38.059627 0x00003794         CustomFrameThemeManager: Adding 'main_light': CustomFrameTheme{button_size=UISizeLogical{width=44; height=48}; padding=UISizeLogical{width=0; height=0}; close_button_colors=CustomFrameButtonColors{background=CustomFrameRendererColors{inactive=#ffffff00; normal=#ffffff00; mouse_over=#c4314b; mouse_down=#8e192ee6}; foreground=CustomFrameRendererColors{inactive=#c7c7c7; normal=#c7c7c7; mouse_over=#ffffff; mouse_down=#ffffff}}; minmax_button_colors=CustomFrameButtonColors{background=CustomFrameRendererColors{inactive=#ffffff00; normal=#ffffff00; mouse_over=#ffffffa6; mouse_down=#ffffff80}; foreground=CustomFrameRendererColors{inactive=#c7c7c7; normal=#c7c7c7; mouse_over=#6264a7; mouse_down=#6264a7}}; min_button=true; max_button=true; close_button=true}
2022-07-07 12:10:38.059627 0x00003794         CustomFrameThemeManager: Adding 'main_contrast': CustomFrameTheme{button_size=UISizeLogical{width=44; height=48}; padding=UISizeLogical{width=2; height=2}; close_button_colors=CustomFrameButtonColors{background=CustomFrameRendererColors{inactive=#ffffff00; normal=#ffffff00; mouse_over=#1aebff; mouse_down=#1aebff}; foreground=CustomFrameRendererColors{inactive=#3ff23f; normal=#3ff23f; mouse_over=#000000; mouse_down=#000000}}; minmax_button_colors=CustomFrameButtonColors{background=CustomFrameRendererColors{inactive=#ffffff00; normal=#ffffff00; mouse_over=#1aebff; mouse_down=#1aebff}; foreground=CustomFrameRendererColors{inactive=#3ff23f; normal=#3ff23f; mouse_over=#000000; mouse_down=#000000}}; min_button=true; max_button=true; close_button=true}
2022-07-07 12:10:38.059627 0x00003794         CustomFrameThemeManager: Adding 'nobuttons_dark': CustomFrameTheme{button_size=UISizeLogical{width=0; height=0}; padding=UISizeLogical{width=0; height=0}; close_button_colors=CustomFrameButtonColors{background=CustomFrameRendererColors{inactive=#ffffff00; normal=#ffffff00; mouse_over=#ffffff00; mouse_down=#ffffff00}; foreground=CustomFrameRendererColors{inactive=#ffffff00; normal=#ffffff00; mouse_over=#ffffff00; mouse_down=#ffffff00}}; minmax_button_colors=CustomFrameButtonColors{background=CustomFrameRendererColors{inactive=#ffffff00; normal=#ffffff00; mouse_over=#ffffff00; mouse_down=#ffffff00}; foreground=CustomFrameRendererColors{inactive=#ffffff00; normal=#ffffff00; mouse_over=#ffffff00; mouse_down=#ffffff00}}; min_button=false; max_button=false; close_button=false}
2022-07-07 12:10:38.059627 0x00003794         CustomFrameThemeManager: Adding 'nobuttons_light': CustomFrameTheme{button_size=UISizeLogical{width=0; height=0}; padding=UISizeLogical{width=0; height=0}; close_button_colors=CustomFrameButtonColors{background=CustomFrameRendererColors{inactive=#ffffff00; normal=#ffffff00; mouse_over=#ffffff00; mouse_down=#ffffff00}; foreground=CustomFrameRendererColors{inactive=#ffffff00; normal=#ffffff00; mouse_over=#ffffff00; mouse_down=#ffffff00}}; minmax_button_colors=CustomFrameButtonColors{background=CustomFrameRendererColors{inactive=#ffffff00; normal=#ffffff00; mouse_over=#ffffff00; mouse_down=#ffffff00}; foreground=CustomFrameRendererColors{inactive=#ffffff00; normal=#ffffff00; mouse_over=#ffffff00; mouse_down=#ffffff00}}; min_button=false; max_button=false; close_button=false}
2022-07-07 12:10:38.059627 0x00003794         CustomFrameThemeManager: Adding 'nobuttons_contrast': CustomFrameTheme{button_size=UISizeLogical{width=0; height=0}; padding=UISizeLogical{width=0; height=0}; close_button_colors=CustomFrameButtonColors{background=CustomFrameRendererColors{inactive=#ffffff00; normal=#ffffff00; mouse_over=#ffffff00; mouse_down=#ffffff00}; foreground=CustomFrameRendererColors{inactive=#ffffff00; normal=#ffffff00; mouse_over=#ffffff00; mouse_down=#ffffff00}}; minmax_button_colors=CustomFrameButtonColors{background=CustomFrameRendererColors{inactive=#ffffff00; normal=#ffffff00; mouse_over=#ffffff00; mouse_down=#ffffff00}; foreground=CustomFrameRendererColors{inactive=#ffffff00; normal=#ffffff00; mouse_over=#ffffff00; mouse_down=#ffffff00}}; min_button=false; max_button=false; close_button=false}
2022-07-07 12:10:38.075250 0x00003794         Scenario: shell_application_launch_time [start,success] Scenario.Status:success, Scenario.Step:start, delta:333, elapsed:111, elapsedSinceProcessStart:333, sequence:0
2022-07-07 12:10:38.075250 0x00003794         Scenario: client_start [start,success] Scenario.Status:success, Scenario.Step:start, delta:333, elapsed:111, elapsedSinceProcessStart:333, sequence:0
2022-07-07 12:10:38.075250 0x000038cc         native_modules::BoostAsioService: Waiting for events on IO thread
2022-07-07 12:10:38.075250 0x00003794         Scenario: shell_application_launch_time [desktop_hostapp_startup,success] InstanceId:5f177f2c-17a9-4bcd-9f7f-38c5ebe4efa9, Scenario.Mode:1, Scenario.Name:shell_application_launch_time, Scenario.Status:success, Scenario.Step:start, delta:333, elapsed:111, elapsedSinceProcessStart:333, sequence:0, stepDelta:0
2022-07-07 12:10:38.075250 0x00003794         Scenario: client_start [desktop_hostapp_startup,success] InstanceId:71f37f4e-eb9f-44ce-8ae9-cd0e21e17437, Scenario.Mode:1, Scenario.Name:client_start, Scenario.Status:success, Scenario.Step:start, delta:333, elapsed:111, elapsedSinceProcessStart:333, scenarioPhase:Desktop, sequence:0, stepDelta:1
2022-07-07 12:10:38.075250 0x00003794         Scenario: shell_application_launch_time [desktop_ecs_settings_start,success] InstanceId:5f177f2c-17a9-4bcd-9f7f-38c5ebe4efa9, Scenario.Mode:1, Scenario.Name:shell_application_launch_time, Scenario.Status:success, Scenario.Step:start, delta:333, elapsed:111, elapsedSinceProcessStart:333, sequence:0, stepDelta:0
2022-07-07 12:10:38.075250 0x00003794         Scenario: client_start [desktop_ecs_settings_start,success] InstanceId:71f37f4e-eb9f-44ce-8ae9-cd0e21e17437, Scenario.Mode:1, Scenario.Name:client_start, Scenario.Status:success, Scenario.Step:start, delta:333, elapsed:111, elapsedSinceProcessStart:333, scenarioPhase:Desktop, sequence:0, stepDelta:1
2022-07-07 12:10:38.090874 0x00003794         Scenario: shell_ecs_cache [start,success] Scenario.Status:success, Scenario.Step:start, delta:0, elapsed:128, elapsedSinceProcessStart:350, sequence:0
2022-07-07 12:10:38.090874 0x00003794         Scenario: shell_ecs_cache [stop,success] InstanceId:f2fd60a6-4491-4447-8209-2bb44d8392ae, Scenario.Mode:1, Scenario.Name:shell_ecs_cache, Scenario.Status:success, Scenario.Step:start, delta:0, elapsed:128, elapsedSinceProcessStart:350, previousStep:start, sequence:0, stepDelta:1
2022-07-07 12:10:38.090874 0x00003794         Scenario: shell_ecs_start [start,success] Scenario.Status:success, Scenario.Step:start, delta:0, elapsed:130, elapsedSinceProcessStart:352, sequence:0
2022-07-07 12:10:38.090874 0x00003794         Scenario: shell_ecs_start [stop,success] InstanceId:549887c7-0af3-498e-8904-ac40866ff113, Scenario.Mode:3, Scenario.Name:shell_ecs_start, Scenario.Status:success, Scenario.Step:start, Scenario.Steps:[{"Scenario.Status":"success","Scenario.Step":"stop","delta":1,"elapsed":131,"elapsedSinceProcessStart":353,"previousStep":"start","sequence":1,"stepDelta":1}], Scenario.StepsEx:[{}], delta:0, elapsed:130, elapsedSinceProcessStart:352, previousStep:start, sequence:0, stepDelta:1
2022-07-07 12:10:38.090874 0x00003794         Scenario: shell_application_launch_time [desktop_ecs_settings_started,success] InstanceId:5f177f2c-17a9-4bcd-9f7f-38c5ebe4efa9, Scenario.Mode:1, Scenario.Name:shell_application_launch_time, Scenario.Status:success, Scenario.Step:start, delta:333, elapsed:111, elapsedSinceProcessStart:333, sequence:0, stepDelta:0
2022-07-07 12:10:38.090874 0x00003794         Scenario: client_start [desktop_ecs_settings_started,success] InstanceId:71f37f4e-eb9f-44ce-8ae9-cd0e21e17437, Scenario.Mode:1, Scenario.Name:client_start, Scenario.Status:success, Scenario.Step:start, delta:333, elapsed:111, elapsedSinceProcessStart:333, scenarioPhase:Desktop, sequence:0, stepDelta:1
2022-07-07 12:10:38.090874 0x00003794         LogInfrastructure: Setting minimum severity: Debug
2022-07-07 12:10:38.090874 0x00003794         LogInfrastructure: Setting log auto flush: false
2022-07-07 12:10:38.106498 0x00003794         Scenario: shell_application_launch_time [desktop_telemetry_ecs_initialized,success] InstanceId:5f177f2c-17a9-4bcd-9f7f-38c5ebe4efa9, Scenario.Mode:1, Scenario.Name:shell_application_launch_time, Scenario.Status:success, Scenario.Step:start, delta:333, elapsed:111, elapsedSinceProcessStart:333, sequence:0, stepDelta:0
2022-07-07 12:10:38.106498 0x00003794         Scenario: client_start [desktop_telemetry_ecs_initialized,success] InstanceId:71f37f4e-eb9f-44ce-8ae9-cd0e21e17437, Scenario.Mode:1, Scenario.Name:client_start, Scenario.Status:success, Scenario.Step:start, delta:333, elapsed:111, elapsedSinceProcessStart:333, scenarioPhase:Desktop, sequence:0, stepDelta:1
2022-07-07 12:10:38.106498 0x000038a4         Scenario: shell_app_start_update [start,success] Scenario.Status:success, Scenario.Step:start, delta:0, elapsed:148, elapsedSinceProcessStart:370, sequence:0
2022-07-07 12:10:38.106498 0x000038a4         Updater: Web app not in active use. Set update auto start to enabled
2022-07-07 12:10:38.106498 0x000038a4         Updater: Executable path: C:\Program Files\WindowsApps\MicrosoftTeams_22168.200.1405.7434_x64__8wekyb3d8bbwe\msteams.exe
2022-07-07 12:10:38.106498 0x00003794         Scenario: shell_application_launch_time [desktop_updatechecked,success] InstanceId:5f177f2c-17a9-4bcd-9f7f-38c5ebe4efa9, Scenario.Mode:1, Scenario.Name:shell_application_launch_time, Scenario.Status:success, Scenario.Step:start, delta:333, elapsed:111, elapsedSinceProcessStart:333, sequence:0, stepDelta:0
2022-07-07 12:10:38.106498 0x00003794         Scenario: client_start [desktop_updatechecked,success] InstanceId:71f37f4e-eb9f-44ce-8ae9-cd0e21e17437, Scenario.Mode:1, Scenario.Name:client_start, Scenario.Status:success, Scenario.Step:start, delta:333, elapsed:111, elapsedSinceProcessStart:333, scenarioPhase:Desktop, sequence:0, stepDelta:1
2022-07-07 12:10:38.106498 0x00003794         Scenario: shell_peristent_storage_read [start,success] Scenario.Status:success, Scenario.Step:start, delta:0, elapsed:153, elapsedSinceProcessStart:375, sequence:0
2022-07-07 12:10:38.106498 0x00003794         Scenario: shell_peristent_storage_read [stop,success] InstanceId:891dcc8b-68e8-4d53-bf27-2b9dc931d5dd, Scenario.Mode:1, Scenario.Name:shell_peristent_storage_read, Scenario.Status:success, Scenario.Step:start, delta:0, elapsed:153, elapsedSinceProcessStart:375, fileName:asset-manifest.json, previousStep:start, sequence:0, stepDelta:3
2022-07-07 12:10:38.106498 0x00003794         Scenario: shell_peristent_storage_read [start,success] Scenario.Status:success, Scenario.Step:start, delta:0, elapsed:156, elapsedSinceProcessStart:378, sequence:0
2022-07-07 12:10:38.106498 0x00003794         Scenario: shell_peristent_storage_read [stop,abandoned] InstanceId:ad3fc128-a1a1-4081-907c-02cb204726a8, Scenario.Mode:1, Scenario.Name:shell_peristent_storage_read, Scenario.Status:success, Scenario.Step:start, delta:0, elapsed:156, elapsedSinceProcessStart:378, error:no such file or directory, fileName:config-life.json, previousStep:start, sequence:0, stepDelta:0
2022-07-07 12:10:38.106498 0x00003794 <DEBUG> boot::AppBuilder: InitNativeModules
2022-07-07 12:10:38.106498 0x00003794         native_modules::NativeModuleManager: Creating native module moduleloader
2022-07-07 12:10:38.106498 0x00003794         native_modules::NativeModuleManager: Creating native module Auth
2022-07-07 12:10:38.106498 0x00003794         native_modules::NativeModuleFactoryImpl: Create local module: Auth
2022-07-07 12:10:38.106498 0x00003794         native_modules::NativeModuleManager: Creating native module OsUtils
2022-07-07 12:10:38.106498 0x00003794         native_modules::NativeModuleManager: Creating native module Heartbeat
2022-07-07 12:10:38.106498 0x00003794         native_modules::NativeModuleManager: Creating native module Ecs
2022-07-07 12:10:38.106498 0x00003794         native_modules::NativeModuleManager: Creating native module tmpcore
2022-07-07 12:10:38.106498 0x00003794         native_modules::NativeModuleManager: Creating native module windowcontrols
2022-07-07 12:10:38.106498 0x00003794         native_modules::NativeModuleManager: Creating native module BrB
2022-07-07 12:10:38.122120 0x00003794         native_modules::NativeModuleManager: Creating native module taskbar
2022-07-07 12:10:38.122120 0x00003794         native_modules::NativeModuleManager: Creating native module customvideobackground
2022-07-07 12:10:38.122120 0x00003794         native_modules::NativeModuleManager: Creating native module profiler
2022-07-07 12:10:38.122120 0x00003794         native_modules::NativeModuleManager: Creating native module Telemetry
2022-07-07 12:10:38.122120 0x00003794         native_modules::NativeModuleManager: Creating native module updates
2022-07-07 12:10:38.122120 0x00003794         native_modules::NativeModuleManager: Creating native module webclientstates
2022-07-07 12:10:38.122120 0x00003794         native_modules::NativeModuleManager: Creating native module sharetarget
2022-07-07 12:10:38.122120 0x00003794         native_modules::NativeModuleManager: Creating native module SlimCore
2022-07-07 12:10:38.122120 0x00003794         native_modules::NativeModuleFactoryImpl: Create local module: SlimCore
2022-07-07 12:10:38.122120 0x00003794 <DEBUG> boot::AppBuilder: CreateDesktopApp
2022-07-07 12:10:38.122120 0x00003794         boot::SingleInstanceService: Starting first instance
2022-07-07 12:10:38.122120 0x00003794         Scenario: shell_prev_session_data [start,success] Scenario.Status:success, Scenario.Step:start, delta:0, elapsed:160, elapsedSinceProcessStart:382, sequence:0
2022-07-07 12:10:38.122120 0x00003794         Scenario: shell_prev_session_data [stop,success] InstanceId:b3b96b0b-af53-4485-8190-c4e2e845a531, PrevSessionData:{"SessionId":"b1f7bdd1-f1e4-4d13-a547-17a98db5ccbc"}, Scenario.Mode:3, Scenario.Name:shell_prev_session_data, Scenario.Status:success, Scenario.Step:start, Scenario.Steps:[{"Scenario.Status":"success","Scenario.Step":"stop","delta":0,"elapsed":160,"elapsedSinceProcessStart":382,"previousStep":"start","sequence":1,"stepDelta":0}], Scenario.StepsEx:[{"PrevSessionData":"{\"SessionId\":\"b1f7bdd1-f1e4-4d13-a547-17a98db5ccbc\"}"}], delta:0, elapsed:160, elapsedSinceProcessStart:382, previousStep:start, sequence:0, stepDelta:0
2022-07-07 12:10:38.122120 0x00003794         DesktopApp: Session Id: d1f33025-7a6e-4893-a745-b57c04a2e663
2022-07-07 12:10:38.122120 0x00003794         DesktopApp: Using startup page: https://teams.live.com/v2/?skipauthstrap=1
2022-07-07 12:10:38.122120 0x00003794         DesktopApp: Version: 22168.200.1405.7434
2022-07-07 12:10:38.122120 0x00003794         DesktopApp: PID: 14,224
2022-07-07 12:10:38.122120 0x00003794 <DEBUG> WebLauncher: ColdLaunch
2022-07-07 12:10:38.122120 0x00003794         Scenario: shell_web_cold_launch [start,success] Scenario.Status:success, Scenario.Step:start, delta:0, elapsed:161, elapsedSinceProcessStart:383, sequence:0
2022-07-07 12:10:38.122120 0x00003794 <DEBUG> WebLauncher: ColdLaunchInner
2022-07-07 12:10:38.122120 0x00003794         Scenario: shell_web_cold_launch [StartLaunch,success] InstanceId:79f94a9d-f48b-4f30-815d-f7a1c5e4de9b, Scenario.Mode:1, Scenario.Name:shell_web_cold_launch, Scenario.Status:success, Scenario.Step:start, delta:0, elapsed:161, elapsedSinceProcessStart:383, sequence:0, stepDelta:0
2022-07-07 12:10:38.122120 0x00003794         Scenario: shell_application_launch_time [desktop_start_launch,success] InstanceId:5f177f2c-17a9-4bcd-9f7f-38c5ebe4efa9, Scenario.Mode:1, Scenario.Name:shell_application_launch_time, Scenario.Status:success, Scenario.Step:start, delta:333, elapsed:111, elapsedSinceProcessStart:333, retryAttempt:0, sequence:0, stepDelta:0
2022-07-07 12:10:38.122120 0x00003794         Scenario: client_start [desktop_start_launch,success] InstanceId:71f37f4e-eb9f-44ce-8ae9-cd0e21e17437, Scenario.Mode:1, Scenario.Name:client_start, Scenario.Status:success, Scenario.Step:start, delta:333, elapsed:111, elapsedSinceProcessStart:333, retryAttempt:0, scenarioPhase:Desktop, sequence:0, stepDelta:1
2022-07-07 12:10:38.122120 0x00003794         Scenario: shell_application_launch_time [desktop_create_core_window,success] InstanceId:5f177f2c-17a9-4bcd-9f7f-38c5ebe4efa9, Scenario.Mode:1, Scenario.Name:shell_application_launch_time, Scenario.Status:success, Scenario.Step:start, delta:333, elapsed:111, elapsedSinceProcessStart:333, retryAttempt:0, sequence:0, stepDelta:0
2022-07-07 12:10:38.122120 0x00003794         Scenario: client_start [desktop_create_core_window,success] InstanceId:71f37f4e-eb9f-44ce-8ae9-cd0e21e17437, Scenario.Mode:1, Scenario.Name:client_start, Scenario.Status:success, Scenario.Step:start, delta:333, elapsed:111, elapsedSinceProcessStart:333, retryAttempt:0, scenarioPhase:Desktop, sequence:0, stepDelta:1
2022-07-07 12:10:38.122120 0x00003794         UserIntent: GetUri: hash=2,996, intent=LaunchCore_system-initiated, last_restart_param=
2022-07-07 12:10:38.122120 0x00003918         base::PipeServer: Starting PipeServer
2022-07-07 12:10:38.122120 0x00003918         boot::SingleInstanceService: Releasing server mutex
2022-07-07 12:10:38.122120 0x00003794 <DEBUG> WebLauncher: ColdLaunchInner: start creating core window, start_page=https://teams.live.com/v2/?skipauthstrap=1
2022-07-07 12:10:38.122120 0x00003794 <DEBUG> WebLauncher: ColdLaunchCoreWindow
2022-07-07 12:10:38.122120 0x00003794         Scenario: shell_web_cold_launch [CreateCoreWindow,success] InstanceId:79f94a9d-f48b-4f30-815d-f7a1c5e4de9b, Scenario.Mode:1, Scenario.Name:shell_web_cold_launch, Scenario.Status:success, Scenario.Step:start, delta:0, elapsed:161, elapsedSinceProcessStart:383, sequence:0, stepDelta:0
2022-07-07 12:10:38.122120 0x00003794 <DEBUG> WebLauncher: ColdLaunchCoreWindow: creating core window with attempt 1/1
2022-07-07 12:10:38.122120 0x00003794         Scenario: shell_application_launch_time [desktop_core_windowStart,success] InstanceId:5f177f2c-17a9-4bcd-9f7f-38c5ebe4efa9, Scenario.Mode:1, Scenario.Name:shell_application_launch_time, Scenario.Status:success, Scenario.Step:start, delta:333, elapsed:111, elapsedSinceProcessStart:333, retryAttempt:0, sequence:0, stepDelta:0
2022-07-07 12:10:38.122120 0x00003794         Scenario: client_start [desktop_core_windowStart,success] InstanceId:71f37f4e-eb9f-44ce-8ae9-cd0e21e17437, Scenario.Mode:1, Scenario.Name:client_start, Scenario.Status:success, Scenario.Step:start, delta:333, elapsed:111, elapsedSinceProcessStart:333, retryAttempt:0, scenarioPhase:Desktop, sequence:0, stepDelta:1
2022-07-07 12:10:38.122120 0x00003794 <DEBUG> WinWindowClass: (name=TeamsWebView) Registering window class
2022-07-07 12:10:38.122120 0x00003794 <DEBUG> WinWindowClass: (name=TeamsWebView) Creating window: text="", parent hwnd=0x00000000, style=0x00cf0000
2022-07-07 12:10:38.122120 0x00003794 <DEBUG> NativeWindowWin: (hwnd=0x000104cc) Window DPI 120 equal to system dpi 120; no need to adjust initial size and position.
2022-07-07 12:10:38.122120 0x00003794         Window: Changing to hwnd=0x000104cc; name=core; tags=Core
2022-07-07 12:10:38.122120 0x00003794 <DEBUG> WebViewWindowWin: (hwnd=0x000104cc; name=core; tags=Core; is_nrc=1) WebViewWindowWin hwnd_msg_log_enabled_: false
2022-07-07 12:10:38.122120 0x00003794 <DEBUG> WebViewControl: WebViewControl WVC for parent window: hwnd=0x000104cc
2022-07-07 12:10:38.122120 0x00003794         Scenario: shell_application_launch_time [desktop_webview_environment_create,success] InstanceId:5f177f2c-17a9-4bcd-9f7f-38c5ebe4efa9, Scenario.Mode:1, Scenario.Name:shell_application_launch_time, Scenario.Status:success, Scenario.Step:start, delta:333, elapsed:111, elapsedSinceProcessStart:333, retryAttempt:0, sequence:0, stepDelta:0
2022-07-07 12:10:38.122120 0x00003794         Scenario: client_start [desktop_webview_environment_create,success] InstanceId:71f37f4e-eb9f-44ce-8ae9-cd0e21e17437, Scenario.Mode:1, Scenario.Name:client_start, Scenario.Status:success, Scenario.Step:start, delta:333, elapsed:111, elapsedSinceProcessStart:333, retryAttempt:0, scenarioPhase:Desktop, sequence:0, stepDelta:1
2022-07-07 12:10:38.122120 0x00003794         Scenario: shell_webviewenv_created [start,success] Scenario.Status:success, Scenario.Step:start, delta:0, elapsed:169, elapsedSinceProcessStart:391, sequence:0
2022-07-07 12:10:38.122120 0x00003794         WebViewEnvironment: AdditionalBrowserArguments: --edge-webview-run-with-package-id --enable-features=msWebView2CodeCache 
2022-07-07 12:10:38.168990 0x00003794         Scenario: shell_webviewenv_created [stop,success] InstanceId:b196db1a-15c7-47f9-8d49-56a4aba63936, Scenario.Mode:1, Scenario.Name:shell_webviewenv_created, Scenario.Status:success, Scenario.Step:start, delta:0, elapsed:169, elapsedSinceProcessStart:391, previousStep:start, sequence:0, stepDelta:37
2022-07-07 12:10:38.168990 0x00003794         Scenario: shell_application_launch_time [desktop_webview_environment_created,success] InstanceId:5f177f2c-17a9-4bcd-9f7f-38c5ebe4efa9, Scenario.Mode:1, Scenario.Name:shell_application_launch_time, Scenario.Status:success, Scenario.Step:start, delta:333, elapsed:111, elapsedSinceProcessStart:333, retryAttempt:0, sequence:0, stepDelta:0
2022-07-07 12:10:38.168990 0x00003794         Scenario: client_start [desktop_webview_environment_created,success] InstanceId:71f37f4e-eb9f-44ce-8ae9-cd0e21e17437, Scenario.Mode:1, Scenario.Name:client_start, Scenario.Status:success, Scenario.Step:start, delta:333, elapsed:111, elapsedSinceProcessStart:333, retryAttempt:0, scenarioPhase:Desktop, sequence:0, stepDelta:1
2022-07-07 12:10:38.168990 0x00003794         WebViewEnvironment: BrowserVersionString: 103.0.1264.44
2022-07-07 12:10:38.168990 0x00003794         Scenario: shell_webviewcontroller_created [start,success] Scenario.Status:success, Scenario.Step:start, delta:0, elapsed:207, elapsedSinceProcessStart:429, sequence:0
2022-07-07 12:10:38.168990 0x00003794         Scenario: shell_application_launch_time [desktop_webview_controller_create,success] InstanceId:5f177f2c-17a9-4bcd-9f7f-38c5ebe4efa9, Scenario.Mode:1, Scenario.Name:shell_application_launch_time, Scenario.Status:success, Scenario.Step:start, delta:333, elapsed:111, elapsedSinceProcessStart:333, retryAttempt:0, sequence:0, stepDelta:0
2022-07-07 12:10:38.168990 0x00003794         Scenario: client_start [desktop_webview_controller_create,success] InstanceId:71f37f4e-eb9f-44ce-8ae9-cd0e21e17437, Scenario.Mode:1, Scenario.Name:client_start, Scenario.Status:success, Scenario.Step:start, delta:333, elapsed:111, elapsedSinceProcessStart:333, retryAttempt:0, scenarioPhase:Desktop, sequence:0, stepDelta:1
2022-07-07 12:10:38.168990 0x00003794         testmode::TestModeHelper: Not in test mode
2022-07-07 12:10:38.168990 0x00003794         Scenario: shell_application_launch_time [desktop_core_windowCompleted,success] InstanceId:5f177f2c-17a9-4bcd-9f7f-38c5ebe4efa9, Scenario.Mode:1, Scenario.Name:shell_application_launch_time, Scenario.Status:success, Scenario.Step:start, delta:333, elapsed:111, elapsedSinceProcessStart:333, retryAttempt:0, sequence:0, stepDelta:0
2022-07-07 12:10:38.168990 0x00003794         Scenario: client_start [desktop_core_windowCompleted,success] InstanceId:71f37f4e-eb9f-44ce-8ae9-cd0e21e17437, Scenario.Mode:1, Scenario.Name:client_start, Scenario.Status:success, Scenario.Step:start, delta:333, elapsed:111, elapsedSinceProcessStart:333, retryAttempt:0, scenarioPhase:Desktop, sequence:0, stepDelta:1
2022-07-07 12:10:38.168990 0x00003794         nrc::MemoryUsageController: App in active use.
2022-07-07 12:10:38.168990 0x00003794         nrc::MemoryUsageController: Setting memory usage level to Normal
2022-07-07 12:10:38.168990 0x00003794         testmode::TestModeHelper: Not in test mode
2022-07-07 12:10:38.168990 0x00003794 <DEBUG> WebLauncher: SubscribeToEvents
2022-07-07 12:10:38.168990 0x00003794 <DEBUG> WebLauncher: ColdLaunchCoreWindow: created core window
2022-07-07 12:10:38.168990 0x00003794         Scenario: shell_web_cold_launch [CreateCoreWindowSuccess,success] InstanceId:79f94a9d-f48b-4f30-815d-f7a1c5e4de9b, Scenario.Mode:1, Scenario.Name:shell_web_cold_launch, Scenario.Status:success, Scenario.Step:start, connectivity:InternetConnected, delta:0, elapsed:161, elapsedSinceProcessStart:383, sequence:0, stepDelta:0
2022-07-07 12:10:38.168990 0x00003794         Scenario: shell_application_launch_time [desktop_create_core_window_success,success] InstanceId:5f177f2c-17a9-4bcd-9f7f-38c5ebe4efa9, Scenario.Mode:1, Scenario.Name:shell_application_launch_time, Scenario.Status:success, Scenario.Step:start, delta:333, elapsed:111, elapsedSinceProcessStart:333, retryAttempt:0, sequence:0, stepDelta:0
2022-07-07 12:10:38.168990 0x00003794         Scenario: client_start [desktop_create_core_window_success,success] InstanceId:71f37f4e-eb9f-44ce-8ae9-cd0e21e17437, Scenario.Mode:1, Scenario.Name:client_start, Scenario.Status:success, Scenario.Step:start, delta:333, elapsed:111, elapsedSinceProcessStart:333, retryAttempt:0, scenarioPhase:Desktop, sequence:0, stepDelta:1
2022-07-07 12:10:38.168990 0x00003794 <DEBUG> WebLauncher: ColdLaunchInner: registered timer to wait for nrc
2022-07-07 12:10:38.168990 0x00003794         Scenario: shell_application_launch_time [desktop_hostapp_initialized,success] InstanceId:5f177f2c-17a9-4bcd-9f7f-38c5ebe4efa9, Scenario.Mode:1, Scenario.Name:shell_application_launch_time, Scenario.Status:success, Scenario.Step:start, delta:333, elapsed:111, elapsedSinceProcessStart:333, retryAttempt:0, sequence:0, stepDelta:0
2022-07-07 12:10:38.168990 0x00003794         Scenario: client_start [desktop_hostapp_initialized,success] InstanceId:71f37f4e-eb9f-44ce-8ae9-cd0e21e17437, Scenario.Mode:1, Scenario.Name:client_start, Scenario.Status:success, Scenario.Step:start, delta:333, elapsed:111, elapsedSinceProcessStart:333, retryAttempt:0, scenarioPhase:Desktop, sequence:0, stepDelta:1
2022-07-07 12:10:38.168990 0x00003794 <DEBUG> ShellThreads: Starting Main Message Pump
2022-07-07 12:10:38.168990 0x00003794 <DEBUG> MessagePumpWin: Starting message pump
2022-07-07 12:10:38.168990 0x00003794         NotificationIcon: ({43C060DB-0611-4F02-9299-9AE76E6084A7}) Shell_NotifyIconW(NIM_DELETE)
2022-07-07 12:10:38.168990 0x00003794         Scenario: shell_system_tray_create [start,success] Scenario.Status:success, Scenario.Step:start, delta:0, elapsed:218, elapsedSinceProcessStart:440, sequence:0
2022-07-07 12:10:38.168990 0x00003794         NotificationIcon: ({43C060DB-0611-4F02-9299-9AE76E6084A7}) Shell_NotifyIconW(NIM_ADD)
2022-07-07 12:10:38.184613 0x00003794         NotificationIcon: ({43C060DB-0611-4F02-9299-9AE76E6084A7}) Shell_NotifyIconW(NIM_SETVERSION)
2022-07-07 12:10:38.184613 0x00003794         Scenario: shell_system_tray_create [stop,success] InstanceId:abfbb33f-1ada-49ba-978e-4096a64e79db, Scenario.Mode:1, Scenario.Name:shell_system_tray_create, Scenario.Status:success, Scenario.Step:start, delta:0, elapsed:218, elapsedSinceProcessStart:440, previousStep:start, sequence:0, stepDelta:17
2022-07-07 12:10:38.450210 0x00003794         Scenario: shell_application_launch_time [desktop_webview_controller_created,success] InstanceId:5f177f2c-17a9-4bcd-9f7f-38c5ebe4efa9, Scenario.Mode:1, Scenario.Name:shell_application_launch_time, Scenario.Status:success, Scenario.Step:start, delta:333, elapsed:111, elapsedSinceProcessStart:333, retryAttempt:0, sequence:0, stepDelta:0
2022-07-07 12:10:38.450210 0x00003794         Scenario: client_start [desktop_webview_controller_created,success] InstanceId:71f37f4e-eb9f-44ce-8ae9-cd0e21e17437, Scenario.Mode:1, Scenario.Name:client_start, Scenario.Status:success, Scenario.Step:start, delta:333, elapsed:111, elapsedSinceProcessStart:333, retryAttempt:0, scenarioPhase:Desktop, sequence:0, stepDelta:1
2022-07-07 12:10:38.450210 0x00003794         Scenario: shell_webviewcontroller_created [stop,success] InstanceId:61c47f1c-f7cb-475f-9075-4913d22df1f9, Scenario.Mode:1, Scenario.Name:shell_webviewcontroller_created, Scenario.Status:success, Scenario.Step:start, delta:0, elapsed:207, elapsedSinceProcessStart:429, previousStep:start, sequence:0, stepDelta:280
2022-07-07 12:10:38.450210 0x00003794 <DEBUG> WebViewControl: OnControllerCreated: enforcing controller visibility
2022-07-07 12:10:38.450210 0x00003794 <DEBUG> WebViewControl: UpdateVisibility: updating controller visibility to true
2022-07-07 12:10:38.450210 0x00003794         Scenario: shell_application_launch_time [desktop_setup_pie_bridge,success] InstanceId:5f177f2c-17a9-4bcd-9f7f-38c5ebe4efa9, Scenario.Mode:1, Scenario.Name:shell_application_launch_time, Scenario.Status:success, Scenario.Step:start, delta:333, elapsed:111, elapsedSinceProcessStart:333, retryAttempt:0, sequence:0, stepDelta:0
2022-07-07 12:10:38.450210 0x00003794         Scenario: client_start [desktop_setup_pie_bridge,success] InstanceId:71f37f4e-eb9f-44ce-8ae9-cd0e21e17437, Scenario.Mode:1, Scenario.Name:client_start, Scenario.Status:success, Scenario.Step:start, delta:333, elapsed:111, elapsedSinceProcessStart:333, retryAttempt:0, scenarioPhase:Desktop, sequence:0, stepDelta:1
2022-07-07 12:10:38.450210 0x00003794         Scenario: shell_webview_initialized [start,success] Scenario.Status:success, Scenario.Step:start, delta:0, elapsed:488, elapsedSinceProcessStart:710, sequence:0
2022-07-07 12:10:38.454021 0x00003794 <DEBUG> native_modules::NativeModuleManager: AddModuleToPie: moduleloader
2022-07-07 12:10:38.454021 0x00003794 <DEBUG> native_modules::NativeModuleManager: AddModuleToPie: Auth
2022-07-07 12:10:38.455018 0x00003794 <DEBUG> native_modules::NativeModuleManager: AddModuleToPie: OsUtils
2022-07-07 12:10:38.455018 0x00003794 <DEBUG> native_modules::NativeModuleManager: AddModuleToPie: Heartbeat
2022-07-07 12:10:38.455018 0x00003794 <DEBUG> native_modules::NativeModuleManager: AddModuleToPie: Ecs
2022-07-07 12:10:38.456013 0x00003794 <DEBUG> native_modules::NativeModuleManager: AddModuleToPie: tmpcore
2022-07-07 12:10:38.456013 0x00003794 <DEBUG> ToastServiceWin: Subscribing for activations with source tmpcore
2022-07-07 12:10:38.456013 0x00003794 <DEBUG> native_modules::NativeModuleManager: AddModuleToPie: windowcontrols
2022-07-07 12:10:38.457010 0x00003794 <DEBUG> ZoomControl: NRC: window "core" zoom level changed to 1
2022-07-07 12:10:38.459005 0x00003794 <DEBUG> native_modules::NativeModuleManager: AddModuleToPie: BrB
2022-07-07 12:10:38.459005 0x00003794 <DEBUG> native_modules::NativeModuleManager: AddModuleToPie: taskbar
2022-07-07 12:10:38.459005 0x00003794 <DEBUG> native_modules::NativeModuleManager: AddModuleToPie: customvideobackground
2022-07-07 12:10:38.459005 0x00003794 <DEBUG> native_modules::NativeModuleManager: AddModuleToPie: profiler
2022-07-07 12:10:38.459005 0x00003794 <DEBUG> native_modules::NativeModuleManager: AddModuleToPie: Telemetry
2022-07-07 12:10:38.460000 0x00003794 <DEBUG> native_modules::NativeModuleManager: AddModuleToPie: updates
2022-07-07 12:10:38.460000 0x00003794 <DEBUG> native_modules::NativeModuleManager: AddModuleToPie: webclientstates
2022-07-07 12:10:38.460000 0x00003794 <DEBUG> native_modules::NativeModuleManager: AddModuleToPie: sharetarget
2022-07-07 12:10:38.460997 0x00003794 <DEBUG> WebViewControl: Memory usage level changed to: NORMAL
2022-07-07 12:10:38.460997 0x00003794         Scenario: shell_application_launch_time [desktop_webview_navigate_start,success] InstanceId:5f177f2c-17a9-4bcd-9f7f-38c5ebe4efa9, Scenario.Mode:1, Scenario.Name:shell_application_launch_time, Scenario.Status:success, Scenario.Step:start, delta:333, elapsed:111, elapsedSinceProcessStart:333, retryAttempt:0, sequence:0, stepDelta:0
2022-07-07 12:10:38.461993 0x00003794         CdpHandler::EventSubscriber: AddDevToolsProtocolEventReceived : Log.entryAdded
2022-07-07 12:10:38.461993 0x00003794         CdpHandler::EventSubscriber: AddDevToolsProtocolEventReceived : Runtime.consoleAPICalled
2022-07-07 12:10:38.461993 0x00003794         Scenario: shell_storage_info [start,success] Scenario.Status:success, Scenario.Step:start, delta:0, elapsed:498, elapsedSinceProcessStart:720, sequence:0
2022-07-07 12:10:38.461993 0x00003794         Scenario: shell_storage_info [stop,success] InstanceId:a639dc1e-41b3-4137-8461-1f816f8e680d, Scenario.Mode:3, Scenario.Name:shell_storage_info, Scenario.Status:success, Scenario.Step:start, Scenario.Steps:[{"Scenario.Status":"success","Scenario.Step":"stop","delta":0,"elapsed":498,"elapsedSinceProcessStart":720,"previousStep":"start","sequence":1,"stepDelta":0}], Scenario.StepsEx:[{}], delta:0, elapsed:498, elapsedSinceProcessStart:720, previousStep:start, sequence:0, stepDelta:0
2022-07-07 12:10:38.461993 0x00003794         Scenario: shell_webview_initialized [stop,success] InstanceId:97b69f65-72ad-42f8-89b6-8e1f6ce5ccb5, Scenario.Mode:1, Scenario.Name:shell_webview_initialized, Scenario.Status:success, Scenario.Step:start, delta:0, elapsed:488, elapsedSinceProcessStart:710, previousStep:start, sequence:0, stepDelta:10
2022-07-07 12:10:38.509833 0x00003794 <DEBUG> CdpHandler: CallDevToolsProtocolMethod: Log.enable : SUCCESS
2022-07-07 12:10:38.509833 0x00003794         WebConsoleLogger: CdpMethod : Log.enable : true
2022-07-07 12:10:38.509833 0x00003794 <DEBUG> CdpHandler: CallDevToolsProtocolMethod: Runtime.enable : SUCCESS
2022-07-07 12:10:38.509833 0x00003794         WebConsoleLogger: CdpMethod : Runtime.enable : true
2022-07-07 12:10:38.652357 0x00003794         WebLauncher: received notifyLoaderStarted event from core window
2022-07-07 12:10:38.652357 0x00003794         Scenario: shell_web_cold_launch [ReceivedExperienceLoaderSignal,success] InstanceId:79f94a9d-f48b-4f30-815d-f7a1c5e4de9b, Scenario.Mode:1, Scenario.Name:shell_web_cold_launch, Scenario.Status:success, Scenario.Step:start, connectivity:InternetConnected, delta:0, elapsed:161, elapsedSinceProcessStart:383, sequence:0, stepDelta:0
2022-07-07 12:10:38.652357 0x00003794         Scenario: shell_application_launch_time [desktop_received_experience_loader_signal,success] InstanceId:5f177f2c-17a9-4bcd-9f7f-38c5ebe4efa9, Scenario.Mode:1, Scenario.Name:shell_application_launch_time, Scenario.Status:success, Scenario.Step:start, delta:333, elapsed:111, elapsedSinceProcessStart:333, retryAttempt:0, sequence:0, stepDelta:0
2022-07-07 12:10:38.652357 0x00003794         Scenario: shell_application_launch_time [desktop_webview_navigate_complete,success] InstanceId:5f177f2c-17a9-4bcd-9f7f-38c5ebe4efa9, Scenario.Mode:1, Scenario.Name:shell_application_launch_time, Scenario.Status:success, Scenario.Step:start, delta:333, elapsed:111, elapsedSinceProcessStart:333, retryAttempt:0, sequence:0, stepDelta:0
2022-07-07 12:10:38.653353 0x00003794         Scenario: shell_application_launch_time [stop,success] InstanceId:5f177f2c-17a9-4bcd-9f7f-38c5ebe4efa9, Scenario.Mode:1, Scenario.Name:shell_application_launch_time, Scenario.Status:success, Scenario.Step:start, delta:333, elapsed:111, elapsedSinceProcessStart:333, previousStep:desktop_webview_navigate_complete, retryAttempt:0, sequence:0, stepDelta:0
2022-07-07 12:10:38.658336 0x00003794         OsUtilsImpl: DeviceInfo.cpuArchitecture: amd64
2022-07-07 12:10:38.658336 0x00003794         OsUtilsImpl: DeviceInfo.make: ASUSTeK COMPUTER INC.
2022-07-07 12:10:38.658336 0x00003794         OsUtilsImpl: DeviceInfo.model: ASUS TUF Gaming F15 FX506HC_FX506HC
2022-07-07 12:10:38.658336 0x00003794         OsUtilsImpl: DeviceInfo.officeMachineId: 
2022-07-07 12:10:38.658336 0x00003794         OsUtilsImpl: DeviceInfo.osName: Windows 11 Core
2022-07-07 12:10:38.658336 0x00003794         OsUtilsImpl: DeviceInfo.osVersion: 10.0.22000
2022-07-07 12:10:38.658336 0x00003794         OsUtilsImpl: DeviceInfo.systemName: DESKTOP-0IEIKGU
2022-07-07 12:10:38.658336 0x00003794         OsUtilsImpl: DeviceInfo.systemSku: 
2022-07-07 12:10:38.658336 0x00003794         OsUtilsImpl: DeviceInfo.windowsMode: S-Mode not enabled
2022-07-07 12:10:38.658336 0x00003794         OsUtilsImpl: DeviceInfo.windowsSku: PRODUCT_CORE
2022-07-07 12:10:38.658336 0x00003794         OsUtilsImpl: DeviceInfo.deviceId: 2e1619a4-7beb-4f28-9f9e-b1bcfc0362e7
2022-07-07 12:10:38.939397 0x00003794         OsUtilsImpl: DeviceInfo.cpuArchitecture: amd64
2022-07-07 12:10:38.939397 0x00003794         OsUtilsImpl: DeviceInfo.make: ASUSTeK COMPUTER INC.
2022-07-07 12:10:38.939397 0x00003794         OsUtilsImpl: DeviceInfo.model: ASUS TUF Gaming F15 FX506HC_FX506HC
2022-07-07 12:10:38.939397 0x00003794         OsUtilsImpl: DeviceInfo.officeMachineId: 
2022-07-07 12:10:38.939397 0x00003794         OsUtilsImpl: DeviceInfo.osName: Windows 11 Core
2022-07-07 12:10:38.939397 0x00003794         OsUtilsImpl: DeviceInfo.osVersion: 10.0.22000
2022-07-07 12:10:38.939397 0x00003794         OsUtilsImpl: DeviceInfo.systemName: DESKTOP-0IEIKGU
2022-07-07 12:10:38.939397 0x00003794         OsUtilsImpl: DeviceInfo.systemSku: 
2022-07-07 12:10:38.939397 0x00003794         OsUtilsImpl: DeviceInfo.windowsMode: S-Mode not enabled
2022-07-07 12:10:38.939397 0x00003794         OsUtilsImpl: DeviceInfo.windowsSku: PRODUCT_CORE
2022-07-07 12:10:38.939397 0x00003794         OsUtilsImpl: DeviceInfo.deviceId: 2e1619a4-7beb-4f28-9f9e-b1bcfc0362e7
2022-07-07 12:10:38.940395 0x00003794         OsUtilsImpl: GetSystemCpuInfo: processorArch: amd64, pageSize: 4,096, logicalProcessorCount: 12, processorCoreCount: 6, physicalProcessorPackageCount: 1
CpuCoreInfo - model: 11th Gen Intel(R) Core(TM) i5-11400H @ 2.70GHz, speed (MHz): 2,688, times: CpuTime - user_mode (ms): 2,750, sys_mode (ms): 7,421, idle (ms): 28,390, irq (ms): 453
CpuCoreInfo - model: 11th Gen Intel(R) Core(TM) i5-11400H @ 2.70GHz, speed (MHz): 2,688, times: CpuTime - user_mode (ms): 2,609, sys_mode (ms): 6,000, idle (ms): 29,828, irq (ms): 78
CpuCoreInfo - model: 11th Gen Intel(R) Core(TM) i5-11400H @ 2.70GHz, speed (MHz): 2,688, times: CpuTime - user_mode (ms): 3,625, sys_mode (ms): 8,140, idle (ms): 26,671, irq (ms): 140
CpuCoreInfo - model: 11th Gen Intel(R) Core(TM) i5-11400H @ 2.70GHz, speed (MHz): 2,688, times: CpuTime - user_mode (ms): 3,718, sys_mode (ms): 5,281, idle (ms): 29,437, irq (ms): 46
CpuCoreInfo - model: 11th Gen Intel(R) Core(TM) i5-11400H @ 2.70GHz, speed (MHz): 2,688, times: CpuTime - user_mode (ms): 3,156, sys_mode (ms): 6,937, idle (ms): 28,343, irq (ms): 31
CpuCoreInfo - model: 11th Gen Intel(R) Core(TM) i5-11400H @ 2.70GHz, speed (MHz): 2,688, times: CpuTime - user_mode (ms): 2,593, sys_mode (ms): 3,906, idle (ms): 31,937, irq (ms): 31
CpuCoreInfo - model: 11th Gen Intel(R) Core(TM) i5-11400H @ 2.70GHz, speed (MHz): 2,688, times: CpuTime - user_mode (ms): 3,281, sys_mode (ms): 5,250, idle (ms): 29,906, irq (ms): 62
CpuCoreInfo - model: 11th Gen Intel(R) Core(TM) i5-11400H @ 2.70GHz, speed (MHz): 2,688, times: CpuTime - user_mode (ms): 2,781, sys_mode (ms): 3,859, idle (ms): 31,796, irq (ms): 0
CpuCoreInfo - model: 11th Gen Intel(R) Core(TM) i5-11400H @ 2.70GHz, speed (MHz): 2,688, times: CpuTime - user_mode (ms): 3,359, sys_mode (ms): 6,093, idle (ms): 28,984, irq (ms): 46
CpuCoreInfo - model: 11th Gen Intel(R) Core(TM) i5-11400H @ 2.70GHz, speed (MHz): 2,688, times: CpuTime - user_mode (ms): 2,406, sys_mode (ms): 4,578, idle (ms): 31,437, irq (ms): 15
CpuCoreInfo - model: 11th Gen Intel(R) Core(TM) i5-11400H @ 2.70GHz, speed (MHz): 2,688, times: CpuTime - user_mode (ms): 4,109, sys_mode (ms): 6,781, idle (ms): 27,531, irq (ms): 31
CpuCoreInfo - model: 11th Gen Intel(R) Core(TM) i5-11400H @ 2.70GHz, speed (MHz): 2,688, times: CpuTime - user_mode (ms): 2,437, sys_mode (ms): 4,187, idle (ms): 31,796, irq (ms): 31
2022-07-07 12:10:39.013151 0x00003794         Updater: Web app in active use. Set update auto start to disabled
2022-07-07 12:10:39.014146 0x00003794         PowerManagement: App in active use. Blocking all power events
2022-07-07 12:10:39.014146 0x00003794         SuspendEventInterceptor: BlockEvent Attempting to block OS suspend
2022-07-07 12:10:39.014146 0x00003794         SuspendEventInterceptor: BlockEventOS suspend successfully blocked
2022-07-07 12:10:39.014146 0x00003794         ScreenLockEventInterceptor: BlockEvent Attempting to block OS screen lock
2022-07-07 12:10:39.014146 0x00003794         ScreenLockEventInterceptor: BlockEvent OS screen lock successfully blocked
2022-07-07 12:10:39.014146 0x00003794         nrc::MemoryUsageController: App in active use.
2022-07-07 12:10:39.014146 0x00003794         nrc::MemoryUsageController: Setting memory usage level to Normal
2022-07-07 12:10:39.014146 0x00003794 <DEBUG> WebViewControl: Memory usage level changed to: NORMAL
2022-07-07 12:10:39.537140 0x000038a4 <ERROR> Scenario: shell_app_start_update [stop,failure] Error Message:Операция была отменена пользователем.
                                                                                                                                                                                                                                                                                                                                                                                                                                                                                                                                                                                                                                                                                                                                                                                                                                                                                                                                                                                                                                                                                                                                                                                                                                                                                                                                                                                                                                                                                                                                                                                                                                                                                                                                                                                                                                                                                                                                                                                                                                                                                         , ForceRestart:false, InstanceId:786fd624-b549-48da-a52b-94724214af41, Scenario.Mode:1, Scenario.Name:shell_app_start_update, Scenario.Status:success, Scenario.Step:start, delta:0, elapsed:148, elapsedSinceProcessStart:370, previousStep:start, sequence:0, stepDelta:1436
2022-07-07 12:10:39.583967 0x00003794 <DEBUG> WebLauncher: CONSOLE LOG: {"entry":{"level":"info","lineNumber":0,"source":"worker","stackTrace":{"callFrames":[{"columnNumber":3729103,"functionName":"Z2","lineNumber":0,"scriptId":"4","url":"https://teams.live.com/statics/teams-modular-packages/hashed-assets/precompiled-web-worker-0ee09b83f65b8992.js#{%22experienceName%22:%22react-web-client%22,%22ring%22:%22general%22,%22environment%22:%22life%22,%22sessionId%22:%221715ab24-e659-44e5-8e0a-ae93aa85e57c%22,%22platformId%22:48,%22buildVersion%22:%2222062106300%22,%22localeCode%22:%22ru-ru%22}"}]},"text":"[object Object]","timestamp":1.6571886395898262e+12,"url":"https://teams.live.com/statics/teams-modular-packages/hashed-assets/precompiled-web-worker-0ee09b83f65b8992.js#{%22experienceName%22:%22react-web-client%22,%22ring%22:%22general%22,%22environment%22:%22life%22,%22sessionId%22:%221715ab24-e659-44e5-8e0a-ae93aa85e57c%22,%22platformId%22:48,%22buildVersion%22:%2222062106300%22,%22localeCode%22:%22ru-ru%22}","workerId":"A4243F59248E0F98AF9D4EEADA539979"}}
2022-07-07 12:10:39.630839 0x00003794         WebLauncher: received coreInitialized event from core window
2022-07-07 12:10:39.630839 0x00003794         WebLauncher: Stopped Console Logging: discard
2022-07-07 12:10:39.630839 0x00003794         Scenario: shell_web_cold_launch [ReceivedCoreInitSignal,success] InstanceId:79f94a9d-f48b-4f30-815d-f7a1c5e4de9b, Scenario.Mode:1, Scenario.Name:shell_web_cold_launch, Scenario.Status:success, Scenario.Step:start, connectivity:InternetConnected, delta:0, elapsed:161, elapsedSinceProcessStart:383, sequence:0, stepDelta:0
2022-07-07 12:10:39.630839 0x00003794         Scenario: shell_web_cold_launch [stop,success] InstanceId:79f94a9d-f48b-4f30-815d-f7a1c5e4de9b, Scenario.Mode:1, Scenario.Name:shell_web_cold_launch, Scenario.Status:success, Scenario.Step:start, backdropWindowEffectEnabled:true, connectivity:InternetConnected, delta:0, elapsed:161, elapsedSinceProcessStart:383, previousStep:ReceivedCoreInitSignal, sequence:0, stepDelta:0
2022-07-07 12:10:39.662085 0x00003794         CdpHandler::EventSubscriber:  Detected No Subscribers for event Log.entryAdded unsubscribing for events
2022-07-07 12:10:39.662085 0x00003794         CdpHandler::EventSubscriber: RemoveDevToolsProtocolEventReceived : Log.entryAdded
2022-07-07 12:10:39.677707 0x00003794         CdpHandler::EventSubscriber:  Detected No Subscribers for event Runtime.consoleAPICalled unsubscribing for events
2022-07-07 12:10:39.677707 0x00003794         CdpHandler::EventSubscriber: RemoveDevToolsProtocolEventReceived : Runtime.consoleAPICalled
2022-07-07 12:10:39.677707 0x00003794         Scenario: auth_native_discover_accounts [start,success] Scenario.Status:success, Scenario.Step:start, delta:0, elapsed:1719, elapsedSinceProcessStart:1941, sequence:0
2022-07-07 12:10:39.677707 0x00003794         auth::AuthenticationService::InitiateMachineAccountDiscovery: (94a6555f-a3b0-4a62-9385-cc0aeaa3676e) Start
2022-07-07 12:10:39.677707 0x00003794         Scenario: auth_native_discover_accounts [provider_start,success] InstanceId:49069f24-3463-492a-a41d-783042f8ddfb, Scenario.Mode:1, Scenario.Name:auth_native_discover_accounts, Scenario.Status:success, Scenario.Step:start, arguments:{}, correlationId:94a6555f-a3b0-4a62-9385-cc0aeaa3676e, delta:0, elapsed:1719, elapsedSinceProcessStart:1941, sequence:0, stepDelta:0
2022-07-07 12:10:39.677707 0x00003794         auth::OneAuthProvider::Initialize: (94a6555f-a3b0-4a62-9385-cc0aeaa3676e) Start
2022-07-07 12:10:39.677707 0x00003794         auth::OneAuthProvider::Initialize: (94a6555f-a3b0-4a62-9385-cc0aeaa3676e) OneAuth Audience is: 3
2022-07-07 12:10:39.693329 0x00003794         Scenario: auth_native_discover_accounts [provider_initialize_start,success] InstanceId:49069f24-3463-492a-a41d-783042f8ddfb, OneAuthAudience:3, Scenario.Mode:1, Scenario.Name:auth_native_discover_accounts, Scenario.Status:success, Scenario.Step:start, arguments:{}, correlationId:94a6555f-a3b0-4a62-9385-cc0aeaa3676e, delta:0, elapsed:1719, elapsedSinceProcessStart:1941, sequence:0, stepDelta:0
2022-07-07 12:10:39.708953 0x00003794         Scenario: auth_native_discover_accounts [provider_initialize_end,success] InstanceId:49069f24-3463-492a-a41d-783042f8ddfb, OneAuthAudience:3, Scenario.Mode:1, Scenario.Name:auth_native_discover_accounts, Scenario.Status:success, Scenario.Step:start, arguments:{}, correlationId:94a6555f-a3b0-4a62-9385-cc0aeaa3676e, delta:0, elapsed:1719, elapsedSinceProcessStart:1941, sequence:0, stepDelta:0
2022-07-07 12:10:39.708953 0x00003794         auth::OneAuthProvider::Initialize: (94a6555f-a3b0-4a62-9385-cc0aeaa3676e) End
2022-07-07 12:10:39.708953 0x00003794         auth::OneAuthDiscoverMachineAccounts: (94a6555f-a3b0-4a62-9385-cc0aeaa3676e) Start
2022-07-07 12:10:39.708953 0x00003794         Scenario: auth_native_discover_accounts [oneauth_discover_accounts_start,success] InstanceId:49069f24-3463-492a-a41d-783042f8ddfb, OneAuthAudience:3, Scenario.Mode:1, Scenario.Name:auth_native_discover_accounts, Scenario.Status:success, Scenario.Step:start, arguments:{}, correlationId:94a6555f-a3b0-4a62-9385-cc0aeaa3676e, delta:0, elapsed:1719, elapsedSinceProcessStart:1941, sequence:0, stepDelta:0
2022-07-07 12:10:39.708953 0x00003794         TelemetryContextPIE: Received [1] context payloads from PIE.
2022-07-07 12:10:39.708953 0x00003794         TelemetryContextPIE: (userId , 67e2b0e8d42d9bd6)
2022-07-07 12:10:39.708953 0x00003794         TelemetryContextPIE: Received [1] context payloads from PIE.
2022-07-07 12:10:39.708953 0x00003794         TelemetryContextPIE: (UserInfo.Id , 00000000-0000-0000-67e2-b0e8d42d9bd6)
2022-07-07 12:10:39.708953 0x00003794         TelemetryContextPIE: Received [1] context payloads from PIE.
2022-07-07 12:10:39.708953 0x00003794         TelemetryContextPIE: (UserInfo.TenantId , 9188040d-6c67-4c5b-b112-36a304b66dad)
2022-07-07 12:10:39.708953 0x00003794         Scenario: auth_native_acquire_token [start,success] Scenario.Status:success, Scenario.Step:start, delta:0, elapsed:1755, elapsedSinceProcessStart:1977, sequence:0
2022-07-07 12:10:39.708953 0x00003794         auth::AuthenticationService::AcquireToken: (489fbb57-3c61-4988-922c-08686ed0a7ac) Start
2022-07-07 12:10:39.708953 0x00003794         auth::native_types::AcquireTokenArgs: (489fbb57-3c61-4988-922c-08686ed0a7ac) extraQueryParameters: 
2022-07-07 12:10:39.708953 0x00003794         auth::native_types::AcquireTokenArgs: (489fbb57-3c61-4988-922c-08686ed0a7ac) {nopa: 2} 
2022-07-07 12:10:39.708953 0x00003794         auth::native_types::AcquireTokenArgs: (489fbb57-3c61-4988-922c-08686ed0a7ac) {coa: 1} 
2022-07-07 12:10:39.708953 0x00003794         Scenario: auth_native_acquire_token [provider_start,success] InstanceId:c5db6e33-53cb-4112-8964-e6f4be04d32e, Scenario.Mode:1, Scenario.Name:auth_native_acquire_token, Scenario.Status:success, Scenario.Step:start, arguments:{claim: , accessTokenToRenewProvided: 0, resource: service::api.fl.sms-free.spaces.skype.com::MBI_SSL, silent: true, userIdentifier: {tid: 9188040d-6c67-4c5b-b112-36a304b66dad, oid: 00000000-0000-0000-67e2-b0e8d42d9bd6, id: 67e2b0e8d42d9bd6}, extraQueryParameters provided: 1, windowId: }, correlationId:489fbb57-3c61-4988-922c-08686ed0a7ac, delta:0, elapsed:1755, elapsedSinceProcessStart:1977, sequence:0, stepDelta:0, target:service::api.fl.sms-free.spaces.skype.com::MBI_SSL
2022-07-07 12:10:39.708953 0x00003794         auth::OneAuthProvider::AcquireToken: (489fbb57-3c61-4988-922c-08686ed0a7ac) Start
2022-07-07 12:10:39.708953 0x00003794         auth::OneAuthReadAssociatedAccounts: Start
2022-07-07 12:10:39.708953 0x00003794         Scenario: auth_native_acquire_token [oneauth_read_associated_accounts_start,success] InstanceId:c5db6e33-53cb-4112-8964-e6f4be04d32e, OneAuthAudience:3, Scenario.Mode:1, Scenario.Name:auth_native_acquire_token, Scenario.Status:success, Scenario.Step:start, arguments:{claim: , accessTokenToRenewProvided: 0, resource: service::api.fl.sms-free.spaces.skype.com::MBI_SSL, silent: true, userIdentifier: {tid: 9188040d-6c67-4c5b-b112-36a304b66dad, oid: 00000000-0000-0000-67e2-b0e8d42d9bd6, id: 67e2b0e8d42d9bd6}, extraQueryParameters provided: 1, windowId: }, correlationId:489fbb57-3c61-4988-922c-08686ed0a7ac, delta:0, elapsed:1755, elapsedSinceProcessStart:1977, sequence:0, stepDelta:0, target:service::api.fl.sms-free.spaces.skype.com::MBI_SSL
2022-07-07 12:10:39.708953 0x00003794         Scenario: auth_native_acquire_token [oneauth_read_associated_accounts_end,success] InstanceId:c5db6e33-53cb-4112-8964-e6f4be04d32e, OneAuthAudience:3, Scenario.Mode:1, Scenario.Name:auth_native_acquire_token, Scenario.Status:success, Scenario.Step:start, arguments:{claim: , accessTokenToRenewProvided: 0, resource: service::api.fl.sms-free.spaces.skype.com::MBI_SSL, silent: true, userIdentifier: {tid: 9188040d-6c67-4c5b-b112-36a304b66dad, oid: 00000000-0000-0000-67e2-b0e8d42d9bd6, id: 67e2b0e8d42d9bd6}, extraQueryParameters provided: 1, windowId: }, correlationId:489fbb57-3c61-4988-922c-08686ed0a7ac, delta:0, elapsed:1755, elapsedSinceProcessStart:1977, itemCount:1, sequence:0, stepDelta:0, target:service::api.fl.sms-free.spaces.skype.com::MBI_SSL
2022-07-07 12:10:39.708953 0x00003794         auth::OneAuthReadAssociatedAccounts: End
2022-07-07 12:10:39.708953 0x00003794         auth::OneAuthCache::AddAccount: Account added. Account id: 67e2b0e8d42d9bd6
2022-07-07 12:10:39.708953 0x00003794         auth::OneAuthCache::Initialize: Start
2022-07-07 12:10:39.708953 0x00003794         Scenario: auth_native_acquire_token [provider_cache_initialized,success] InstanceId:c5db6e33-53cb-4112-8964-e6f4be04d32e, OneAuthAudience:3, Scenario.Mode:1, Scenario.Name:auth_native_acquire_token, Scenario.Status:success, Scenario.Step:start, accountsInCache:All {tid-oid}-{accountId} pairs: {9188040d-6c67-4c5b-b112-36a304b66dad-00000000-0000-0000-67e2-b0e8d42d9bd6}-{67e2b0e8d42d9bd6}, , arguments:{claim: , accessTokenToRenewProvided: 0, resource: service::api.fl.sms-free.spaces.skype.com::MBI_SSL, silent: true, userIdentifier: {tid: 9188040d-6c67-4c5b-b112-36a304b66dad, oid: 00000000-0000-0000-67e2-b0e8d42d9bd6, id: 67e2b0e8d42d9bd6}, extraQueryParameters provided: 1, windowId: }, correlationId:489fbb57-3c61-4988-922c-08686ed0a7ac, delta:0, elapsed:1755, elapsedSinceProcessStart:1977, itemCount:1, sequence:0, stepDelta:0, target:service::api.fl.sms-free.spaces.skype.com::MBI_SSL
2022-07-07 12:10:39.708953 0x00003794         Scenario: auth_native_acquire_token [provider_account_data,success] InstanceId:c5db6e33-53cb-4112-8964-e6f4be04d32e, OneAuthAudience:3, Scenario.Mode:1, Scenario.Name:auth_native_acquire_token, Scenario.Status:success, Scenario.Step:start, accountsInCache:All {tid-oid}-{accountId} pairs: {9188040d-6c67-4c5b-b112-36a304b66dad-00000000-0000-0000-67e2-b0e8d42d9bd6}-{67e2b0e8d42d9bd6}, , arguments:{claim: , accessTokenToRenewProvided: 0, resource: service::api.fl.sms-free.spaces.skype.com::MBI_SSL, silent: true, userIdentifier: {tid: 9188040d-6c67-4c5b-b112-36a304b66dad, oid: 00000000-0000-0000-67e2-b0e8d42d9bd6, id: 67e2b0e8d42d9bd6}, extraQueryParameters provided: 1, windowId: }, correlationId:489fbb57-3c61-4988-922c-08686ed0a7ac, delta:0, elapsed:1755, elapsedSinceProcessStart:1977, itemCount:1, sequence:0, stepDelta:0, target:service::api.fl.sms-free.spaces.skype.com::MBI_SSL, tokenId:67e2b0e8d42d9bd6, tokenOid:00000000-0000-0000-67e2-b0e8d42d9bd6, tokenTid:9188040d-6c67-4c5b-b112-36a304b66dad
2022-07-07 12:10:39.708953 0x00003794         auth::OneAuthReadAccountById: Start
2022-07-07 12:10:39.708953 0x00003794         Scenario: auth_native_acquire_token [oneauth_read_account_by_id_start,success] InstanceId:c5db6e33-53cb-4112-8964-e6f4be04d32e, OneAuthAudience:3, Scenario.Mode:1, Scenario.Name:auth_native_acquire_token, Scenario.Status:success, Scenario.Step:start, accountsInCache:All {tid-oid}-{accountId} pairs: {9188040d-6c67-4c5b-b112-36a304b66dad-00000000-0000-0000-67e2-b0e8d42d9bd6}-{67e2b0e8d42d9bd6}, , arguments:{claim: , accessTokenToRenewProvided: 0, resource: service::api.fl.sms-free.spaces.skype.com::MBI_SSL, silent: true, userIdentifier: {tid: 9188040d-6c67-4c5b-b112-36a304b66dad, oid: 00000000-0000-0000-67e2-b0e8d42d9bd6, id: 67e2b0e8d42d9bd6}, extraQueryParameters provided: 1, windowId: }, correlationId:489fbb57-3c61-4988-922c-08686ed0a7ac, delta:0, elapsed:1755, elapsedSinceProcessStart:1977, itemCount:1, sequence:0, stepDelta:0, target:service::api.fl.sms-free.spaces.skype.com::MBI_SSL, tokenId:67e2b0e8d42d9bd6, tokenOid:00000000-0000-0000-67e2-b0e8d42d9bd6, tokenTid:9188040d-6c67-4c5b-b112-36a304b66dad
2022-07-07 12:10:39.708953 0x00003794         Scenario: auth_native_acquire_token [oneauth_read_account_by_id_end,success] InstanceId:c5db6e33-53cb-4112-8964-e6f4be04d32e, OneAuthAudience:3, Scenario.Mode:1, Scenario.Name:auth_native_acquire_token, Scenario.Status:success, Scenario.Step:start, accountsInCache:All {tid-oid}-{accountId} pairs: {9188040d-6c67-4c5b-b112-36a304b66dad-00000000-0000-0000-67e2-b0e8d42d9bd6}-{67e2b0e8d42d9bd6}, , arguments:{claim: , accessTokenToRenewProvided: 0, resource: service::api.fl.sms-free.spaces.skype.com::MBI_SSL, silent: true, userIdentifier: {tid: 9188040d-6c67-4c5b-b112-36a304b66dad, oid: 00000000-0000-0000-67e2-b0e8d42d9bd6, id: 67e2b0e8d42d9bd6}, extraQueryParameters provided: 1, windowId: }, correlationId:489fbb57-3c61-4988-922c-08686ed0a7ac, delta:0, elapsed:1755, elapsedSinceProcessStart:1977, itemCount:1, sequence:0, stepDelta:0, target:service::api.fl.sms-free.spaces.skype.com::MBI_SSL, tokenId:67e2b0e8d42d9bd6, tokenOid:00000000-0000-0000-67e2-b0e8d42d9bd6, tokenTid:9188040d-6c67-4c5b-b112-36a304b66dad
2022-07-07 12:10:39.708953 0x00003794         auth::OneAuthReadAccountById: End
2022-07-07 12:10:39.708953 0x00003794         auth::utilities::GetParentWindow: (489fbb57-3c61-4988-922c-08686ed0a7ac) No window id provided. Will use Main window.
2022-07-07 12:10:39.708953 0x00003794 <ERROR> auth::utilities::GetParentWindow: (489fbb57-3c61-4988-922c-08686ed0a7ac) Couldn't find main window: 
2022-07-07 12:10:39.708953 0x00003794         auth::OneAuthAcquireCredentialSilently: (489fbb57-3c61-4988-922c-08686ed0a7ac) Silent fetch started
2022-07-07 12:10:39.708953 0x00003794         Scenario: auth_native_acquire_token [oneauth_acquire_credential_silently_start,success] InstanceId:c5db6e33-53cb-4112-8964-e6f4be04d32e, OneAuthAudience:3, Scenario.Mode:1, Scenario.Name:auth_native_acquire_token, Scenario.Status:success, Scenario.Step:start, accountsInCache:All {tid-oid}-{accountId} pairs: {9188040d-6c67-4c5b-b112-36a304b66dad-00000000-0000-0000-67e2-b0e8d42d9bd6}-{67e2b0e8d42d9bd6}, , arguments:{claim: , accessTokenToRenewProvided: 0, resource: service::api.fl.sms-free.spaces.skype.com::MBI_SSL, silent: true, userIdentifier: {tid: 9188040d-6c67-4c5b-b112-36a304b66dad, oid: 00000000-0000-0000-67e2-b0e8d42d9bd6, id: 67e2b0e8d42d9bd6}, extraQueryParameters provided: 1, windowId: }, correlationId:489fbb57-3c61-4988-922c-08686ed0a7ac, delta:0, elapsed:1755, elapsedSinceProcessStart:1977, isSilent:1, itemCount:1, sequence:0, stepDelta:0, target:service::api.fl.sms-free.spaces.skype.com::MBI_SSL, tokenId:67e2b0e8d42d9bd6, tokenOid:00000000-0000-0000-67e2-b0e8d42d9bd6, tokenTid:9188040d-6c67-4c5b-b112-36a304b66dad
2022-07-07 12:10:39.990174 0x00003794 <DEBUG> native_modules::TaskbarModule: Entering TaskbarModule::showBadge
2022-07-07 12:10:39.990174 0x00003794         native_modules::taskbar::BadgeServicePackaged: MeetNow icon badge enabled: true
2022-07-07 12:10:39.990174 0x00003794         native_modules::taskbar::BadgeServicePackaged: SetBadge NumericBadge{0}
2022-07-07 12:10:40.005798 0x00003794         native_modules::taskbar::BadgeServicePackaged: SetMeetNowBadge NumericBadge{0}
2022-07-07 12:10:40.068290 0x00003794         moduleloader::loadModule: Loading Module : SlimCore
2022-07-07 12:10:40.068290 0x00003794         ModuleLoaderImpl: Local Module Start
2022-07-07 12:10:40.068290 0x00003794 <DEBUG> native_modules::NativeModuleManager: AddModuleToPie: SlimCore
2022-07-07 12:10:40.068290 0x00003794         SlimCoreModule: AddToPie with bridge_id_: 1
2022-07-07 12:10:40.130792 0x00003794         SlimCoreModule: InjectSlimCoreWV2Js Injecting SCWV2 JS
2022-07-07 12:10:40.130792 0x00003794         SlimCoreModule: InjectSlimCoreWV2Js SCWV2 JS injected
2022-07-07 12:10:40.458873 0x00003c58         Scenario: auth_native_acquire_token [oneauth_acquire_credential_silently_end,success] InstanceId:c5db6e33-53cb-4112-8964-e6f4be04d32e, OneAuthAudience:3, Scenario.Mode:1, Scenario.Name:auth_native_acquire_token, Scenario.Status:success, Scenario.Step:start, accountsInCache:All {tid-oid}-{accountId} pairs: {9188040d-6c67-4c5b-b112-36a304b66dad-00000000-0000-0000-67e2-b0e8d42d9bd6}-{67e2b0e8d42d9bd6}, , arguments:{claim: , accessTokenToRenewProvided: 0, resource: service::api.fl.sms-free.spaces.skype.com::MBI_SSL, silent: true, userIdentifier: {tid: 9188040d-6c67-4c5b-b112-36a304b66dad, oid: 00000000-0000-0000-67e2-b0e8d42d9bd6, id: 67e2b0e8d42d9bd6}, extraQueryParameters provided: 1, windowId: }, correlationId:489fbb57-3c61-4988-922c-08686ed0a7ac, delta:0, elapsed:1755, elapsedSinceProcessStart:1977, isSilent:1, itemCount:1, message:, sequence:0, stepDelta:0, target:service::api.fl.sms-free.spaces.skype.com::MBI_SSL, tokenId:67e2b0e8d42d9bd6, tokenOid:00000000-0000-0000-67e2-b0e8d42d9bd6, tokenTid:9188040d-6c67-4c5b-b112-36a304b66dad
2022-07-07 12:10:40.458873 0x00003c58         auth::OneAuthAcquireCredentialSilently: (489fbb57-3c61-4988-922c-08686ed0a7ac) Silent fetch completed
2022-07-07 12:10:40.458873 0x00003c58         auth::OneAuthProvider::AcquireToken: (489fbb57-3c61-4988-922c-08686ed0a7ac) No prompt shown
2022-07-07 12:10:40.458873 0x00003c58         Scenario: auth_native_acquire_token [provider_end,success] InstanceId:c5db6e33-53cb-4112-8964-e6f4be04d32e, OneAuthAudience:3, Scenario.Mode:1, Scenario.Name:auth_native_acquire_token, Scenario.Status:success, Scenario.Step:start, accountsInCache:All {tid-oid}-{accountId} pairs: {9188040d-6c67-4c5b-b112-36a304b66dad-00000000-0000-0000-67e2-b0e8d42d9bd6}-{67e2b0e8d42d9bd6}, , arguments:{claim: , accessTokenToRenewProvided: 0, resource: service::api.fl.sms-free.spaces.skype.com::MBI_SSL, silent: true, userIdentifier: {tid: 9188040d-6c67-4c5b-b112-36a304b66dad, oid: 00000000-0000-0000-67e2-b0e8d42d9bd6, id: 67e2b0e8d42d9bd6}, extraQueryParameters provided: 1, windowId: }, correlationId:489fbb57-3c61-4988-922c-08686ed0a7ac, delta:0, elapsed:1755, elapsedSinceProcessStart:1977, isSilent:1, itemCount:1, message:, sequence:0, stepDelta:0, target:service::api.fl.sms-free.spaces.skype.com::MBI_SSL, tokenId:67e2b0e8d42d9bd6, tokenOid:00000000-0000-0000-67e2-b0e8d42d9bd6, tokenTid:9188040d-6c67-4c5b-b112-36a304b66dad
2022-07-07 12:10:40.458873 0x00003c58         auth::AuthenticationService::AcquireToken: (489fbb57-3c61-4988-922c-08686ed0a7ac) End
2022-07-07 12:10:40.458873 0x00003c58         Scenario: auth_native_acquire_token [stop,success] InstanceId:c5db6e33-53cb-4112-8964-e6f4be04d32e, OneAuthAudience:3, Scenario.Mode:1, Scenario.Name:auth_native_acquire_token, Scenario.Status:success, Scenario.Step:start, accountsInCache:All {tid-oid}-{accountId} pairs: {9188040d-6c67-4c5b-b112-36a304b66dad-00000000-0000-0000-67e2-b0e8d42d9bd6}-{67e2b0e8d42d9bd6}, , arguments:{claim: , accessTokenToRenewProvided: 0, resource: service::api.fl.sms-free.spaces.skype.com::MBI_SSL, silent: true, userIdentifier: {tid: 9188040d-6c67-4c5b-b112-36a304b66dad, oid: 00000000-0000-0000-67e2-b0e8d42d9bd6, id: 67e2b0e8d42d9bd6}, extraQueryParameters provided: 1, windowId: }, correlationId:489fbb57-3c61-4988-922c-08686ed0a7ac, delta:0, elapsed:1755, elapsedSinceProcessStart:1977, isRestricted:false, isSilent:1, itemCount:1, message:, previousStep:provider_end, sequence:0, stepDelta:0, target:service::api.fl.sms-free.spaces.skype.com::MBI_SSL, tokenId:67e2b0e8d42d9bd6, tokenOid:00000000-0000-0000-67e2-b0e8d42d9bd6, tokenTid:9188040d-6c67-4c5b-b112-36a304b66dad
2022-07-07 12:10:41.861028 0x000038a4         Scenario: auth_native_discover_accounts [oneauth_discover_accounts_update,success] InstanceId:49069f24-3463-4