2022-07-07 12:10:38.387717 0x00003968         Scenario: shell_peristent_storage_read [start,success] Scenario.Status:success, Scenario.Step:start, delta:0, elapsed:33, elapsedSinceProcessStart:221, sequence:0
2022-07-07 12:10:38.403340 0x00003968         Scenario: shell_peristent_storage_read [stop,abandoned] InstanceId:8d818041-ec1c-4b48-b954-caad83bf736c, Scenario.Mode:1, Scenario.Name:shell_peristent_storage_read, Scenario.Status:success, Scenario.Step:start, delta:0, elapsed:33, elapsedSinceProcessStart:221, error:no such file or directory, fileName:configuration.json, previousStep:start, sequence:0, stepDelta:1
2022-07-07 12:10:38.403340 0x00003968         Scenario: shell_peristent_storage_read [start,success] Scenario.Status:success, Scenario.Step:start, delta:0, elapsed:53, elapsedSinceProcessStart:241, sequence:0
2022-07-07 12:10:38.418964 0x00003968         Scenario: shell_peristent_storage_read [stop,success] InstanceId:69380b92-d95d-4147-b1e2-2df681f3754e, Scenario.Mode:1, Scenario.Name:shell_peristent_storage_read, Scenario.Status:success, Scenario.Step:start, delta:0, elapsed:53, elapsedSinceProcessStart:241, fileName:ecs_request_param.json, previousStep:start, sequence:0, stepDelta:6
2022-07-07 12:10:38.418964 0x00003968         Scenario: shell_ecs_cache [start,success] Scenario.Status:success, Scenario.Step:start, delta:0, elapsed:67, elapsedSinceProcessStart:255, sequence:0
2022-07-07 12:10:38.418964 0x00003968         Scenario: shell_ecs_cache [stop,success] InstanceId:11b57cf7-6395-4e3b-bc0e-e93a5b36cd60, Scenario.Mode:1, Scenario.Name:shell_ecs_cache, Scenario.Status:success, Scenario.Step:start, delta:0, elapsed:67, elapsedSinceProcessStart:255, previousStep:start, sequence:0, stepDelta:1
2022-07-07 12:10:38.418964 0x00003968         Scenario: shell_ecs_start [start,success] Scenario.Status:success, Scenario.Step:start, delta:0, elapsed:69, elapsedSinceProcessStart:257, sequence:0
2022-07-07 12:10:38.418964 0x00003968         Scenario: shell_ecs_start [stop,success] InstanceId:c604835c-74fe-4bfe-aaf4-db5e668c957a, Scenario.Mode:3, Scenario.Name:shell_ecs_start, Scenario.Status:success, Scenario.Step:start, Scenario.Steps:[{"Scenario.Status":"success","Scenario.Step":"stop","delta":0,"elapsed":69,"elapsedSinceProcessStart":257,"previousStep":"start","sequence":1,"stepDelta":0}], Scenario.StepsEx:[{}], delta:0, elapsed:69, elapsedSinceProcessStart:257, previousStep:start, sequence:0, stepDelta:0
2022-07-07 12:10:38.418964 0x00003968         Scenario: shell_updater_register_bgtask [start,success] Scenario.Status:success, Scenario.Step:start, delta:0, elapsed:70, elapsedSinceProcessStart:258, sequence:0
2022-07-07 12:10:38.418964 0x00003968         BackgroundTaskBase: Registered TeamsAsyncUpdaterTask background task successfully
2022-07-07 12:10:38.418964 0x00003968         Scenario: shell_updater_register_bgtask [stop,success] InstanceId:6bd91bcd-7742-4f09-8c16-5767209dc617, Scenario.Mode:3, Scenario.Name:shell_updater_register_bgtask, Scenario.Status:success, Scenario.Step:start, Scenario.Steps:[{"Scenario.Status":"success","Scenario.Step":"stop","delta":0,"elapsed":70,"elapsedSinceProcessStart":258,"previousStep":"start","sequence":1,"stepDelta":0}], Scenario.StepsEx:[{"taskName":"TeamsAsyncUpdaterTask"}], delta:0, elapsed:70, elapsedSinceProcessStart:258, previousStep:start, sequence:0, stepDelta:0, taskName:TeamsAsyncUpdaterTask
2022-07-07 12:10:38.418964 0x00003968         Scenario: shell_updater_register_bgtask [start,success] Scenario.Status:success, Scenario.Step:start, delta:0, elapsed:71, elapsedSinceProcessStart:259, sequence:0
2022-07-07 12:10:38.418964 0x00003968         BackgroundTaskBase: Registered TeamsEcsTask background task successfully
2022-07-07 12:10:38.434587 0x00003968         Scenario: shell_updater_register_bgtask [stop,success] InstanceId:a7943b60-65ad-4181-a274-ed762d64b333, Scenario.Mode:3, Scenario.Name:shell_updater_register_bgtask, Scenario.Status:success, Scenario.Step:start, Scenario.Steps:[{"Scenario.Status":"success","Scenario.Step":"stop","delta":0,"elapsed":71,"elapsedSinceProcessStart":259,"previousStep":"start","sequence":1,"stepDelta":0}], Scenario.StepsEx:[{"taskName":"TeamsEcsTask"}], delta:0, elapsed:71, elapsedSinceProcessStart:259, previousStep:start, sequence:0, stepDelta:0, taskName:TeamsEcsTask
2022-07-07 12:10:38.434587 0x00003968         Scenario: shell_msix_update [start,success] Scenario.Status:success, Scenario.Step:start, delta:0, elapsed:73, elapsedSinceProcessStart:261, sequence:0
2022-07-07 12:10:38.434587 0x00003968 <ERROR> DeploymentProviderMSIX: Invalid udpate url.
2022-07-07 12:10:38.434587 0x00003968 <ERROR> WIL: msteamsupdate.exe!00007FF63AA675DE: LogHr(1) tid(3968) 800704C7 Операция была отменена пользователем.
2022-07-07 12:10:38.434587 0x00003968 <ERROR> WIL: msteamsupdate.exe!00007FF63AAD3C36: ReturnHr(1) tid(3968) 800704C7 Операция была отменена пользователем.
    Msg:[winrt::hresult_error: Операция была отменена пользователем.] 
2022-07-07 12:10:38.434587 0x00003968         Scenario: shell_msix_update [stop,abandoned] CurrentVersion:22168.200.1405.7434, DeviceInfo_OfficeMachineId:, ErrorText:, ExtendedErrorCode:0x0
, GenericErrorCode:0x800704c7
, InstanceId:8f64e8f4-dddc-4a3f-924c-799f636bfaee, LatestVersion:22168.200.1405.7434, Scenario.Mode:3, Scenario.Name:shell_msix_update, Scenario.Status:success, Scenario.Step:start, Scenario.Steps:[{"Scenario.Status":"abandoned","Scenario.Step":"stop","delta":2,"elapsed":75,"elapsedSinceProcessStart":263,"previousStep":"start","sequence":1,"stepDelta":2}], Scenario.StepsEx:[{"CurrentVersion":"22168.200.1405.7434","DeviceInfo_OfficeMachineId":"","ErrorText":"","ExtendedErrorCode":"0x0\n","GenericErrorCode":"0x800704c7\n","LatestVersion":"22168.200.1405.7434","UpdateCheckReason":"MainAppUpdateCheck","UpdateFailureCount":0,"UpdateUrl":"https://statics.teams.cdn.office.net/production-windows-x64/22168.200.1405.7434/MicrosoftTeams-x64.msix"}], UpdateCheckReason:MainAppUpdateCheck, UpdateFailureCount:0, UpdateUrl:https://statics.teams.cdn.office.net/production-windows-x64/22168.200.1405.7434/MicrosoftTeams-x64.msix, delta:0, elapsed:73, elapsedSinceProcessStart:261, previousStep:start, sequence:0, stepDelta:2
2022-07-07 12:10:38.434587 0x00003968         UpdateStateStoreWinRTAppData: previous app session:b1f7bdd1-f1e4-4d13-a547-17a98db5ccbc current app session:d1f33025-7a6e-4893-a745-b57c04a2e663 target version:22168.200.1405.7434
2022-07-07 12:10:38.434587 0x00003968         UpdateStateStoreWinRTAppData: Current total update failure count:0
2022-07-07 12:10:38.434587 0x00003968         UpdateStateStoreWinRTAppData: Erasing update attempt
2022-07-07 12:10:38.434587 0x00003968         UpdateStateStoreWinRTAppData: Storing update attempt for app session:d1f33025-7a6e-4893-a745-b57c04a2e663,target version:22168.200.1405.7434
